<?xml version="1.0" encoding="UTF-8"?>
<!-- Generated by org.testng.reporters.JUnitReportReporter -->
<testsuite hostname="LAPTOP-LV3IOOVT" failures="0" tests="1" name="testCases.TC_002_LoginTest" time="2.358" errors="0" timestamp="2024-05-30T23:35:21 CEST" skipped="0">
  <testcase classname="testCases.TC_002_LoginTest" name="verifyLogin" time="2.358"/>
</testsuite> <!-- testCases.TC_002_LoginTest -->
