<?xml version="1.0" encoding="UTF-8"?>
<!-- Generated by org.testng.reporters.JUnitReportReporter -->
<testsuite hostname="LAPTOP-LV3IOOVT" failures="0" tests="1" name="testCases.TC_001_AccountRegistrationTest" time="7.257" errors="0" timestamp="2024-05-30T23:35:21 CEST" skipped="0">
  <testcase classname="testCases.TC_001_AccountRegistrationTest" name="verifyAccountRegistration" time="7.257"/>
</testsuite> <!-- testCases.TC_001_AccountRegistrationTest -->
