<?xml version="1.0" encoding="UTF-8"?>
<!-- Generated by org.testng.reporters.JUnitReportReporter -->
<testsuite hostname="LAPTOP-LV3IOOVT" failures="0" tests="2" name="testCases.TC_002_LoginTest" time="4.488" errors="0" timestamp="2024-06-02T19:46:11 CEST" skipped="0">
  <testcase classname="testCases.TC_002_LoginTest" name="verifyLogin" time="2.221"/>
  <testcase classname="testCases.TC_002_LoginTest" name="verifyLogin" time="2.267"/>
</testsuite> <!-- testCases.TC_002_LoginTest -->
