<?xml version="1.0" encoding="UTF-8"?>
<!-- Generated by org.testng.reporters.JUnitReportReporter -->
<testsuite hostname="LAPTOP-LV3IOOVT" failures="0" tests="2" name="testCases.TC_001_AccountRegistrationTest" time="15.965" errors="0" timestamp="2024-06-02T19:46:11 CEST" skipped="0">
  <testcase classname="testCases.TC_001_AccountRegistrationTest" name="verifyAccountRegistration" time="8.066"/>
  <testcase classname="testCases.TC_001_AccountRegistrationTest" name="verifyAccountRegistration" time="7.899"/>
</testsuite> <!-- testCases.TC_001_AccountRegistrationTest -->
